2018-12-14 12:23:45 INFO  MyPersonalTestClass:21 - Это информационное сообщение!
2018-12-14 12:25:42 INFO  MyPersonalTestClass:21 - Это информационное сообщение!
2018-12-14 12:28:13 INFO  MyPersonalTestClass:20 - Старт работы программы
2018-12-14 12:28:13 INFO  MyPersonalTestClass:31 - Программа завершила работу
2018-12-14 12:33:25 INFO  MyPersonalTestClass:20 - Старт работы программы
2018-12-14 12:33:25 INFO  MyPersonalTestClass:36 - Создаем экземпляр класса без ключевого слова new
2018-12-14 12:33:25 INFO  MyPersonalTestClass:41 - Инициализация переменных для работы с методами
2018-12-14 12:33:25 INFO  MyPersonalTestClass:47 - Инициализация переменных для управления логикой
2018-12-14 12:33:25 INFO  MyPersonalTestClass:52 - Извлечение методов из класса
2018-12-14 12:33:25 INFO  MyPersonalTestClass:78 - Старт тестов
2018-12-14 12:33:25 INFO  MyPersonalTestClass:84 - Тесты проведены
2018-12-14 12:33:25 INFO  MyPersonalTestClass:31 - Программа завершила работу
2018-12-14 12:37:35 INFO  MyPersonalTestClass:20 - Старт работы программы
2018-12-14 12:37:35 INFO  MyPersonalTestClass:36 - Создаем экземпляр класса без ключевого слова new
2018-12-14 12:37:35 INFO  MyPersonalTestClass:41 - Инициализация переменных для работы с методами
2018-12-14 12:37:35 INFO  MyPersonalTestClass:47 - Инициализация переменных для управления логикой
2018-12-14 12:37:35 INFO  MyPersonalTestClass:52 - Извлечение методов из класса
2018-12-14 12:37:35 INFO  MyPersonalTestClass:78 - Старт тестов
2018-12-14 12:37:35 INFO  MyTests1:17 - Отработал метод с аннотацией @BeforeSuite
2018-12-14 12:37:35 INFO  MyTests1:23 - Отработал метод с аннотацией @AfterSuite
2018-12-14 12:37:35 INFO  MyPersonalTestClass:84 - Тесты проведены
2018-12-14 12:37:35 INFO  MyPersonalTestClass:31 - Программа завершила работу
2018-12-14 12:43:13 INFO  MyPersonalTestClass:20 - Старт работы программы
2018-12-14 12:43:13 INFO  MyPersonalTestClass:36 - Создаем экземпляр класса без ключевого слова new
2018-12-14 12:43:13 INFO  MyPersonalTestClass:41 - Инициализация переменных для работы с методами
2018-12-14 12:43:13 INFO  MyPersonalTestClass:47 - Инициализация переменных для управления логикой
2018-12-14 12:43:13 INFO  MyPersonalTestClass:52 - Извлечение методов из класса
2018-12-14 12:43:13 INFO  MyPersonalTestClass:78 - Старт тестов
2018-12-14 12:43:13 INFO  MyTests1:17 - Отработал метод с аннотацией @BeforeSuite
2018-12-14 12:43:13 INFO  MyTests1:32 - Начал выполнение тест
2018-12-14 12:43:13 INFO  MyTests1:47 - Тест успешно пройден!
2018-12-14 12:43:13 INFO  MyTests1:47 - Тест успешно пройден!
2018-12-14 12:43:13 INFO  MyTests1:47 - Тест успешно пройден!
2018-12-14 12:43:13 INFO  MyTests1:47 - Тест успешно пройден!
2018-12-14 12:43:13 INFO  MyTests1:47 - Тест успешно пройден!
2018-12-14 12:43:13 INFO  MyTests1:47 - Тест успешно пройден!
2018-12-14 12:43:13 INFO  MyTests1:47 - Тест успешно пройден!
2018-12-14 12:43:13 INFO  MyTests1:47 - Тест успешно пройден!
2018-12-14 12:43:13 INFO  MyTests1:47 - Тест успешно пройден!
2018-12-14 12:43:13 INFO  MyTests1:47 - Тест успешно пройден!
2018-12-14 12:43:13 INFO  MyTests1:23 - Отработал метод с аннотацией @AfterSuite
2018-12-14 12:43:13 INFO  MyPersonalTestClass:84 - Тесты проведены
2018-12-14 12:43:13 INFO  MyPersonalTestClass:31 - Программа завершила работу
2018-12-14 12:45:12 INFO  MyPersonalTestClass:20 - Старт работы программы
2018-12-14 12:45:12 INFO  MyPersonalTestClass:36 - Создаем экземпляр класса без ключевого слова new
2018-12-14 12:45:12 INFO  MyPersonalTestClass:41 - Инициализация переменных для работы с методами
2018-12-14 12:45:12 INFO  MyPersonalTestClass:47 - Инициализация переменных для управления логикой
2018-12-14 12:45:12 INFO  MyPersonalTestClass:52 - Извлечение методов из класса
2018-12-14 12:45:12 INFO  MyPersonalTestClass:78 - Старт тестов
2018-12-14 12:45:12 INFO  MyTests1:17 - Отработал метод с аннотацией @BeforeSuite
2018-12-14 12:45:12 INFO  MyTests1:32 - Начал выполнение тест
2018-12-14 12:45:12 INFO  MyTests1:48 - Тест успешно пройден!
2018-12-14 12:45:12 INFO  MyTests1:48 - Тест успешно пройден!
2018-12-14 12:45:12 INFO  MyTests1:48 - Тест успешно пройден!
2018-12-14 12:45:12 INFO  MyTests1:48 - Тест успешно пройден!
2018-12-14 12:45:12 INFO  MyTests1:48 - Тест успешно пройден!
2018-12-14 12:45:12 INFO  MyTests1:48 - Тест успешно пройден!
2018-12-14 12:45:12 INFO  MyTests1:48 - Тест успешно пройден!
2018-12-14 12:45:12 INFO  MyTests1:48 - Тест успешно пройден!
2018-12-14 12:45:12 INFO  MyTests1:48 - Тест успешно пройден!
2018-12-14 12:45:12 ERROR MyTests1:51 - Тест провален!
2018-12-14 12:45:12 INFO  MyTests1:23 - Отработал метод с аннотацией @AfterSuite
2018-12-14 12:45:12 INFO  MyPersonalTestClass:84 - Тесты проведены
2018-12-14 12:45:12 INFO  MyPersonalTestClass:31 - Программа завершила работу
2018-12-14 20:24:14 INFO  MyPersonalTestClass:22 - Старт работы программы
2018-12-14 20:24:14 INFO  MyPersonalTestClass:38 - Создаем экземпляр класса без ключевого слова new
2018-12-14 20:24:14 INFO  MyPersonalTestClass:43 - Инициализация переменных для работы с методами
2018-12-14 20:24:14 INFO  MyPersonalTestClass:49 - Инициализация переменных для управления логикой
2018-12-14 20:24:14 INFO  MyPersonalTestClass:54 - Извлечение методов из класса
2018-12-14 20:24:15 INFO  MyPersonalTestClass:84 - Старт тестов
2018-12-14 20:24:15 INFO  MyTests1:17 - Отработал метод с аннотацией @BeforeSuite
2018-12-14 20:24:15 INFO  MyTests1:32 - Начал выполнение тест
2018-12-14 20:24:15 INFO  MyTests1:48 - Тест успешно пройден!
2018-12-14 20:24:15 INFO  MyTests1:48 - Тест успешно пройден!
2018-12-14 20:24:15 INFO  MyTests1:48 - Тест успешно пройден!
2018-12-14 20:24:15 INFO  MyTests1:48 - Тест успешно пройден!
2018-12-14 20:24:15 INFO  MyTests1:48 - Тест успешно пройден!
2018-12-14 20:24:15 INFO  MyTests1:48 - Тест успешно пройден!
2018-12-14 20:24:15 INFO  MyTests1:48 - Тест успешно пройден!
2018-12-14 20:24:15 INFO  MyTests1:48 - Тест успешно пройден!
2018-12-14 20:24:15 INFO  MyTests1:48 - Тест успешно пройден!
2018-12-14 20:24:15 ERROR MyTests1:51 - Тест провален!
2018-12-14 20:24:15 INFO  MyTests1:23 - Отработал метод с аннотацией @AfterSuite
2018-12-14 20:24:15 INFO  MyPersonalTestClass:90 - Тесты проведены
2018-12-14 20:24:15 INFO  MyPersonalTestClass:33 - Программа завершила работу
2018-12-14 21:46:40 INFO  MyPersonalTestClass:22 - Старт работы программы
2018-12-14 21:46:40 INFO  MyPersonalTestClass:38 - Создаем экземпляр класса без ключевого слова new
2018-12-14 21:46:40 INFO  MyPersonalTestClass:43 - Инициализация переменных для работы с методами
2018-12-14 21:46:40 INFO  MyPersonalTestClass:48 - Инициализация переменных для управления логикой
2018-12-14 21:46:40 INFO  MyPersonalTestClass:53 - Извлечение методов из класса
2018-12-14 21:46:40 INFO  MyPersonalTestClass:82 - Старт тестов
2018-12-14 21:46:40 INFO  MyTests1:17 - Отработал метод с аннотацией @BeforeSuite
2018-12-14 21:47:48 INFO  MyPersonalTestClass:22 - Старт работы программы
2018-12-14 21:47:48 INFO  MyPersonalTestClass:38 - Создаем экземпляр класса без ключевого слова new
2018-12-14 21:47:48 INFO  MyPersonalTestClass:43 - Инициализация переменных для работы с методами
2018-12-14 21:47:48 INFO  MyPersonalTestClass:48 - Инициализация переменных для управления логикой
2018-12-14 21:47:48 INFO  MyPersonalTestClass:53 - Извлечение методов из класса
2018-12-14 21:47:48 INFO  MyPersonalTestClass:82 - Старт тестов
2018-12-14 21:47:48 INFO  MyTests1:17 - Отработал метод с аннотацией @BeforeSuite
2018-12-14 21:47:48 INFO  MyTests1:23 - Отработал метод с аннотацией @AfterSuite
2018-12-14 21:47:48 INFO  MyPersonalTestClass:92 - Тесты проведены
2018-12-14 21:47:48 INFO  MyPersonalTestClass:33 - Программа завершила работу
2018-12-14 21:48:16 INFO  MyPersonalTestClass:22 - Старт работы программы
2018-12-14 21:48:16 INFO  MyPersonalTestClass:38 - Создаем экземпляр класса без ключевого слова new
2018-12-14 21:48:16 INFO  MyPersonalTestClass:43 - Инициализация переменных для работы с методами
2018-12-14 21:48:16 INFO  MyPersonalTestClass:48 - Инициализация переменных для управления логикой
2018-12-14 21:48:16 INFO  MyPersonalTestClass:53 - Извлечение методов из класса
2018-12-14 21:48:17 INFO  MyPersonalTestClass:82 - Старт тестов
2018-12-14 21:48:17 INFO  MyTests1:17 - Отработал метод с аннотацией @BeforeSuite
2018-12-14 21:52:06 INFO  MyPersonalTestClass:22 - Старт работы программы
2018-12-14 21:52:06 INFO  MyPersonalTestClass:38 - Создаем экземпляр класса без ключевого слова new
2018-12-14 21:52:06 INFO  MyPersonalTestClass:43 - Инициализация переменных для работы с методами
2018-12-14 21:52:06 INFO  MyPersonalTestClass:48 - Инициализация переменных для управления логикой
2018-12-14 21:52:06 INFO  MyPersonalTestClass:53 - Извлечение методов из класса
2018-12-14 21:52:06 INFO  MyPersonalTestClass:82 - Старт тестов
2018-12-14 21:52:06 INFO  MyTests1:17 - Отработал метод с аннотацией @BeforeSuite
2018-12-14 21:52:51 INFO  MyPersonalTestClass:22 - Старт работы программы
2018-12-14 21:52:51 INFO  MyPersonalTestClass:38 - Создаем экземпляр класса без ключевого слова new
2018-12-14 21:52:51 INFO  MyPersonalTestClass:43 - Инициализация переменных для работы с методами
2018-12-14 21:52:51 INFO  MyPersonalTestClass:48 - Инициализация переменных для управления логикой
2018-12-14 21:52:51 INFO  MyPersonalTestClass:53 - Извлечение методов из класса
2018-12-14 21:52:51 INFO  MyPersonalTestClass:83 - Старт тестов
2018-12-14 21:52:51 INFO  MyTests1:17 - Отработал метод с аннотацией @BeforeSuite
2018-12-14 21:52:51 INFO  MyTests1:23 - Отработал метод с аннотацией @AfterSuite
2018-12-14 21:52:51 INFO  MyPersonalTestClass:96 - Тесты проведены
2018-12-14 21:52:51 INFO  MyPersonalTestClass:33 - Программа завершила работу
2018-12-14 21:53:47 INFO  MyPersonalTestClass:22 - Старт работы программы
2018-12-14 21:53:47 INFO  MyPersonalTestClass:38 - Создаем экземпляр класса без ключевого слова new
2018-12-14 21:53:47 INFO  MyPersonalTestClass:43 - Инициализация переменных для работы с методами
2018-12-14 21:53:47 INFO  MyPersonalTestClass:48 - Инициализация переменных для управления логикой
2018-12-14 21:53:47 INFO  MyPersonalTestClass:53 - Извлечение методов из класса
2018-12-14 21:53:47 INFO  MyPersonalTestClass:82 - Старт тестов
2018-12-14 21:53:47 INFO  MyTests1:17 - Отработал метод с аннотацией @BeforeSuite
2018-12-14 21:53:47 INFO  MyTests1:23 - Отработал метод с аннотацией @AfterSuite
2018-12-14 21:53:47 INFO  MyPersonalTestClass:99 - Тесты проведены
2018-12-14 21:53:47 INFO  MyPersonalTestClass:33 - Программа завершила работу
2018-12-14 21:54:36 INFO  MyPersonalTestClass:22 - Старт работы программы
2018-12-14 21:54:36 INFO  MyPersonalTestClass:38 - Создаем экземпляр класса без ключевого слова new
2018-12-14 21:54:36 INFO  MyPersonalTestClass:43 - Инициализация переменных для работы с методами
2018-12-14 21:54:36 INFO  MyPersonalTestClass:48 - Инициализация переменных для управления логикой
2018-12-14 21:54:36 INFO  MyPersonalTestClass:53 - Извлечение методов из класса
2018-12-14 21:54:36 INFO  MyPersonalTestClass:82 - Старт тестов
2018-12-14 21:54:36 INFO  MyTests1:17 - Отработал метод с аннотацией @BeforeSuite
2018-12-14 21:54:36 INFO  MyTests1:23 - Отработал метод с аннотацией @AfterSuite
2018-12-14 21:54:36 INFO  MyPersonalTestClass:96 - Тесты проведены
2018-12-14 21:54:36 INFO  MyPersonalTestClass:33 - Программа завершила работу
2018-12-14 21:55:19 INFO  MyPersonalTestClass:22 - Старт работы программы
2018-12-14 21:55:19 INFO  MyPersonalTestClass:38 - Создаем экземпляр класса без ключевого слова new
2018-12-14 21:55:19 INFO  MyPersonalTestClass:43 - Инициализация переменных для работы с методами
2018-12-14 21:55:19 INFO  MyPersonalTestClass:48 - Инициализация переменных для управления логикой
2018-12-14 21:55:19 INFO  MyPersonalTestClass:53 - Извлечение методов из класса
2018-12-14 21:55:19 INFO  MyPersonalTestClass:82 - Старт тестов
2018-12-14 21:55:19 INFO  MyTests1:17 - Отработал метод с аннотацией @BeforeSuite
2018-12-14 21:55:19 INFO  MyTests1:23 - Отработал метод с аннотацией @AfterSuite
2018-12-14 21:55:19 INFO  MyPersonalTestClass:96 - Тесты проведены
2018-12-14 21:55:19 INFO  MyPersonalTestClass:33 - Программа завершила работу
2018-12-14 21:56:54 INFO  MyPersonalTestClass:22 - Старт работы программы
2018-12-14 21:56:54 INFO  MyPersonalTestClass:38 - Создаем экземпляр класса без ключевого слова new
2018-12-14 21:56:54 INFO  MyPersonalTestClass:43 - Инициализация переменных для работы с методами
2018-12-14 21:56:54 INFO  MyPersonalTestClass:48 - Инициализация переменных для управления логикой
2018-12-14 21:56:54 INFO  MyPersonalTestClass:53 - Извлечение методов из класса
2018-12-14 21:56:54 INFO  MyPersonalTestClass:82 - Старт тестов
2018-12-14 21:56:54 INFO  MyTests1:17 - Отработал метод с аннотацией @BeforeSuite
2018-12-14 21:56:54 INFO  MyTests1:23 - Отработал метод с аннотацией @AfterSuite
2018-12-14 21:56:54 INFO  MyPersonalTestClass:96 - Тесты проведены
2018-12-14 21:56:54 INFO  MyPersonalTestClass:33 - Программа завершила работу
2018-12-14 21:57:35 INFO  MyPersonalTestClass:22 - Старт работы программы
2018-12-14 21:57:35 INFO  MyPersonalTestClass:38 - Создаем экземпляр класса без ключевого слова new
2018-12-14 21:57:35 INFO  MyPersonalTestClass:43 - Инициализация переменных для работы с методами
2018-12-14 21:57:35 INFO  MyPersonalTestClass:48 - Инициализация переменных для управления логикой
2018-12-14 21:57:35 INFO  MyPersonalTestClass:53 - Извлечение методов из класса
2018-12-14 21:57:35 INFO  MyPersonalTestClass:82 - Старт тестов
2018-12-14 21:57:35 INFO  MyTests1:17 - Отработал метод с аннотацией @BeforeSuite
2018-12-14 21:57:35 INFO  MyTests1:23 - Отработал метод с аннотацией @AfterSuite
2018-12-14 21:57:35 INFO  MyPersonalTestClass:96 - Тесты проведены
2018-12-14 21:57:35 INFO  MyPersonalTestClass:33 - Программа завершила работу
